<?xml version="1.0" encoding="UTF-8"?>
<!-- Generated by org.testng.reporters.JUnitReportReporter -->
<testsuite skipped="0" hostname="LAPTOP-AVT55FKT" name="executionengine.Driver1Test" tests="1" failures="0" timestamp="25 Feb 2021 05:41:53 GMT" time="12.583" errors="0">
  <testcase name="func1" time="12.583" classname="executionengine.Driver1Test"/>
</testsuite> <!-- executionengine.Driver1Test -->
